<?xml version="1.0" encoding="UTF-8"?>
<!-- Generated by org.testng.reporters.JUnitXMLReporter -->
<testsuite ignored="0" hostname="AADYA" failures="0" tests="3" name="Default test" time="5.935" errors="0" timestamp="2025-12-19T08:28:25 IST">
  <testcase classname="restAssured.api.test.DataDrivenTest" name="testPostUser" time="2.611"/>
  <testcase classname="restAssured.api.test.DataDrivenTest" name="testPostUser" time="1.136"/>
  <testcase classname="restAssured.api.test.DataDrivenTest" name="testPostUser" time="1.184"/>
</testsuite> <!-- Default test -->
