<?xml version="1.0" encoding="UTF-8"?>
<!-- Generated by org.testng.reporters.JUnitXMLReporter -->
<testsuite ignored="0" hostname="AADYA" failures="0" tests="4" name="Test" time="8.201" errors="0" timestamp="2025-12-19T11:14:04 IST">
  <testcase classname="restAssured.api.test.UserTest2" name="testPostUser" time="2.677"/>
  <testcase classname="restAssured.api.test.UserTest2" name="getUser" time="1.207"/>
  <testcase classname="restAssured.api.test.UserTest2" name="updateUser" time="2.303"/>
  <testcase classname="restAssured.api.test.UserTest2" name="deleteUser" time="1.123"/>
</testsuite> <!-- Test -->
