<?xml version="1.0" encoding="UTF-8"?>
<testng-results ignored="0" total="4" passed="4" failed="0" skipped="0">
  <reporter-output>
  </reporter-output>
  <suite started-at="2025-12-19T11:42:52 IST" name="Suite" finished-at="2025-12-19T11:43:02 IST" duration-ms="10893">
    <groups>
    </groups>
    <test started-at="2025-12-19T11:42:52 IST" name="Test" finished-at="2025-12-19T11:43:02 IST" duration-ms="10893">
      <class name="restAssured.api.test.UserTest2">
        <test-method is-config="true" signature="setupdata()[pri:0, instance:restAssured.api.test.UserTest2@61df66b6]" started-at="2025-12-19T11:42:52 IST" name="setupdata" finished-at="2025-12-19T11:42:53 IST" duration-ms="815" status="PASS">
          <reporter-output>
          </reporter-output>
        </test-method> <!-- setupdata -->
        <test-method signature="testPostUser()[pri:1, instance:restAssured.api.test.UserTest2@61df66b6]" started-at="2025-12-19T11:42:53 IST" name="testPostUser" finished-at="2025-12-19T11:42:57 IST" duration-ms="4236" status="PASS">
          <reporter-output>
          </reporter-output>
        </test-method> <!-- testPostUser -->
        <test-method signature="getUser()[pri:2, instance:restAssured.api.test.UserTest2@61df66b6]" started-at="2025-12-19T11:42:57 IST" name="getUser" finished-at="2025-12-19T11:42:58 IST" duration-ms="1165" status="PASS">
          <reporter-output>
          </reporter-output>
        </test-method> <!-- getUser -->
        <test-method signature="updateUser()[pri:3, instance:restAssured.api.test.UserTest2@61df66b6]" started-at="2025-12-19T11:42:58 IST" name="updateUser" finished-at="2025-12-19T11:43:01 IST" duration-ms="3004" status="PASS">
          <reporter-output>
          </reporter-output>
        </test-method> <!-- updateUser -->
        <test-method signature="deleteUser()[pri:4, instance:restAssured.api.test.UserTest2@61df66b6]" started-at="2025-12-19T11:43:01 IST" name="deleteUser" finished-at="2025-12-19T11:43:02 IST" duration-ms="1394" status="PASS">
          <reporter-output>
          </reporter-output>
        </test-method> <!-- deleteUser -->
      </class> <!-- restAssured.api.test.UserTest2 -->
    </test> <!-- Test -->
  </suite> <!-- Suite -->
</testng-results>
