<?xml version="1.0" encoding="UTF-8"?>
<testng-results ignored="0" total="4" passed="4" failed="0" skipped="0">
  <reporter-output>
  </reporter-output>
  <suite started-at="2025-12-19T11:13:56 IST" name="Suite" finished-at="2025-12-19T11:14:04 IST" duration-ms="8201">
    <groups>
    </groups>
    <test started-at="2025-12-19T11:13:56 IST" name="Test" finished-at="2025-12-19T11:14:04 IST" duration-ms="8201">
      <class name="restAssured.api.test.UserTest2">
        <test-method is-config="true" signature="setupdata()[pri:0, instance:restAssured.api.test.UserTest2@707194ba]" started-at="2025-12-19T11:13:56 IST" name="setupdata" finished-at="2025-12-19T11:13:56 IST" duration-ms="633" status="PASS">
          <reporter-output>
          </reporter-output>
        </test-method> <!-- setupdata -->
        <test-method signature="testPostUser()[pri:1, instance:restAssured.api.test.UserTest2@707194ba]" started-at="2025-12-19T11:13:56 IST" name="testPostUser" finished-at="2025-12-19T11:13:59 IST" duration-ms="2677" status="PASS">
          <reporter-output>
          </reporter-output>
        </test-method> <!-- testPostUser -->
        <test-method signature="getUser()[pri:2, instance:restAssured.api.test.UserTest2@707194ba]" started-at="2025-12-19T11:13:59 IST" name="getUser" finished-at="2025-12-19T11:14:00 IST" duration-ms="1207" status="PASS">
          <reporter-output>
          </reporter-output>
        </test-method> <!-- getUser -->
        <test-method signature="updateUser()[pri:3, instance:restAssured.api.test.UserTest2@707194ba]" started-at="2025-12-19T11:14:00 IST" name="updateUser" finished-at="2025-12-19T11:14:03 IST" duration-ms="2303" status="PASS">
          <reporter-output>
          </reporter-output>
        </test-method> <!-- updateUser -->
        <test-method signature="deleteUser()[pri:4, instance:restAssured.api.test.UserTest2@707194ba]" started-at="2025-12-19T11:14:03 IST" name="deleteUser" finished-at="2025-12-19T11:14:04 IST" duration-ms="1123" status="PASS">
          <reporter-output>
          </reporter-output>
        </test-method> <!-- deleteUser -->
      </class> <!-- restAssured.api.test.UserTest2 -->
    </test> <!-- Test -->
  </suite> <!-- Suite -->
</testng-results>
