<?xml version="1.0" encoding="UTF-8"?>
<!-- Generated by org.testng.reporters.JUnitReportReporter -->
<testsuite hostname="AADYA" failures="0" tests="2" name="students.CreateStudentJSONobject$newStudents" time="2.162" errors="0" timestamp="2025-12-01T23:51:00 IST" skipped="0">
  <testcase classname="students.CreateStudentJSONobject$newStudents" name="addStudents" time="2.095"/>
  <testcase classname="students.CreateStudentJSONobject$newStudents" name="deleteStudent" time="0.067"/>
</testsuite> <!-- students.CreateStudentJSONobject$newStudents -->
