<?xml version="1.0" encoding="UTF-8"?>
<!-- Generated by org.testng.reporters.JUnitReportReporter -->
<testsuite hostname="AADYA" failures="0" tests="3" name="restAssured.api.test.DataDrivenTest" time="5.099" errors="0" timestamp="2025-12-19T10:31:49 IST" skipped="0">
  <testcase classname="restAssured.api.test.DataDrivenTest" name="testPostUser" time="1.164"/>
  <testcase classname="restAssured.api.test.DataDrivenTest" name="testPostUser" time="2.728"/>
  <testcase classname="restAssured.api.test.DataDrivenTest" name="testPostUser" time="1.207"/>
</testsuite> <!-- restAssured.api.test.DataDrivenTest -->
