<?xml version="1.0" encoding="UTF-8"?>
<!-- Generated by org.testng.reporters.JUnitReportReporter -->
<testsuite hostname="AADYA" failures="1" tests="1" name="jsonSchema" time="1.583" errors="0" timestamp="2025-12-13T22:14:57 IST" skipped="0">
  <testcase classname="jsonSchema" name="jsonSchemaValidation" time="1.583">
    <failure message="1 expectation failed.
Response body doesn&#039;t match expectation.
Expected: The content to match the given JSON schema.
error: instance type (string) does not match any allowed primitive type (allowed: [&quot;integer&quot;])
    level: &quot;error&quot;
    schema: {&quot;loadingURI&quot;:&quot;file:/C:/Users/prasa/eclipse-workspace/restAssured/target/test-classes/store.json#&quot;,&quot;pointer&quot;:&quot;/items/0/properties/username&quot;}
    instance: {&quot;pointer&quot;:&quot;/0/username&quot;}
    domain: &quot;validation&quot;
    keyword: &quot;type&quot;
    found: &quot;string&quot;
    expected: [&quot;integer&quot;]

  Actual: [
  {
    &quot;id&quot;: &quot;1&quot;,
    &quot;username&quot;: &quot;rahul_admin&quot;,
    &quot;fullName&quot;: &quot;Rahul Sharma&quot;,
    &quot;email&quot;: &quot;rahul@gmail.com&quot;,
    &quot;phone&quot;: &quot;9876543210&quot;,
    &quot;role&quot;: &quot;ADMIN&quot;,
    &quot;gender&quot;: &quot;male&quot;,
    &quot;dob&quot;: &quot;1990-05-12&quot;,
    &quot;address&quot;: {
      &quot;street&quot;: &quot;MG Road&quot;,
      &quot;city&quot;: &quot;Bangalore&quot;,
      &quot;state&quot;: &quot;Karnataka&quot;,
      &quot;pincode&quot;: &quot;560001&quot;
    },
    &quot;isActive&quot;: true,
    &quot;createdAt&quot;: &quot;2024-01-15T10:30:00Z&quot;,
    &quot;lastLogin&quot;: &quot;2024-12-10T08:45:00Z&quot;
  },
  {
    &quot;id&quot;: &quot;2&quot;,
    &quot;username&quot;: &quot;amit_user&quot;,
    &quot;fullName&quot;: &quot;Amit Verma&quot;,
    &quot;email&quot;: &quot;amit@gmail.com&quot;,
    &quot;phone&quot;: &quot;9123456789&quot;,
    &quot;role&quot;: &quot;USER&quot;,
    &quot;gender&quot;: &quot;male&quot;,
    &quot;dob&quot;: &quot;1995-09-20&quot;,
    &quot;address&quot;: {
      &quot;street&quot;: &quot;Sector 22&quot;,
      &quot;city&quot;: &quot;Gurgaon&quot;,
      &quot;state&quot;: &quot;Haryana&quot;,
      &quot;pincode&quot;: &quot;122016&quot;
    },
    &quot;isActive&quot;: true,
    &quot;createdAt&quot;: &quot;2024-02-01T11:00:00Z&quot;,
    &quot;lastLogin&quot;: null
  }
]
" type="java.lang.AssertionError">
      <![CDATA[java.lang.AssertionError: 1 expectation failed.
Response body doesn't match expectation.
Expected: The content to match the given JSON schema.
error: instance type (string) does not match any allowed primitive type (allowed: ["integer"])
    level: "error"
    schema: {"loadingURI":"file:/C:/Users/prasa/eclipse-workspace/restAssured/target/test-classes/store.json#","pointer":"/items/0/properties/username"}
    instance: {"pointer":"/0/username"}
    domain: "validation"
    keyword: "type"
    found: "string"
    expected: ["integer"]

  Actual: [
  {
    "id": "1",
    "username": "rahul_admin",
    "fullName": "Rahul Sharma",
    "email": "rahul@gmail.com",
    "phone": "9876543210",
    "role": "ADMIN",
    "gender": "male",
    "dob": "1990-05-12",
    "address": {
      "street": "MG Road",
      "city": "Bangalore",
      "state": "Karnataka",
      "pincode": "560001"
    },
    "isActive": true,
    "createdAt": "2024-01-15T10:30:00Z",
    "lastLogin": "2024-12-10T08:45:00Z"
  },
  {
    "id": "2",
    "username": "amit_user",
    "fullName": "Amit Verma",
    "email": "amit@gmail.com",
    "phone": "9123456789",
    "role": "USER",
    "gender": "male",
    "dob": "1995-09-20",
    "address": {
      "street": "Sector 22",
      "city": "Gurgaon",
      "state": "Haryana",
      "pincode": "122016"
    },
    "isActive": true,
    "createdAt": "2024-02-01T11:00:00Z",
    "lastLogin": null
  }
]

at java.base/jdk.internal.reflect.DirectConstructorHandleAccessor.newInstance(DirectConstructorHandleAccessor.java:62)
at java.base/java.lang.reflect.Constructor.newInstanceWithCaller(Constructor.java:501)
at java.base/java.lang.reflect.Constructor.newInstance(Constructor.java:485)
at org.codehaus.groovy.reflection.CachedConstructor.invoke(CachedConstructor.java:73)
at org.codehaus.groovy.runtime.callsite.ConstructorSite$ConstructorSiteNoUnwrapNoCoerce.callConstructor(ConstructorSite.java:108)
at org.codehaus.groovy.runtime.callsite.CallSiteArray.defaultCallConstructor(CallSiteArray.java:57)
at org.codehaus.groovy.runtime.callsite.AbstractCallSite.callConstructor(AbstractCallSite.java:263)
at org.codehaus.groovy.runtime.callsite.AbstractCallSite.callConstructor(AbstractCallSite.java:277)
at io.restassured.internal.ResponseSpecificationImpl$HamcrestAssertionClosure.validate(ResponseSpecificationImpl.groovy:512)
at io.restassured.internal.ResponseSpecificationImpl$HamcrestAssertionClosure$validate$1.call(Unknown Source)
at io.restassured.internal.ResponseSpecificationImpl.validateResponseIfRequired(ResponseSpecificationImpl.groovy:696)
at io.restassured.internal.ResponseSpecificationImpl.this$2$validateResponseIfRequired(ResponseSpecificationImpl.groovy)
at java.base/jdk.internal.reflect.DirectMethodHandleAccessor.invoke(DirectMethodHandleAccessor.java:103)
at java.base/java.lang.reflect.Method.invoke(Method.java:580)
at org.codehaus.groovy.runtime.callsite.PlainObjectMetaMethodSite.doInvoke(PlainObjectMetaMethodSite.java:43)
at org.codehaus.groovy.runtime.callsite.PogoMetaMethodSite$PogoCachedMethodSiteNoUnwrapNoCoerce.invoke(PogoMetaMethodSite.java:198)
at org.codehaus.groovy.runtime.callsite.PogoMetaMethodSite.callCurrent(PogoMetaMethodSite.java:62)
at org.codehaus.groovy.runtime.callsite.CallSiteArray.defaultCallCurrent(CallSiteArray.java:49)
at org.codehaus.groovy.runtime.callsite.AbstractCallSite.callCurrent(AbstractCallSite.java:171)
at org.codehaus.groovy.runtime.callsite.AbstractCallSite.callCurrent(AbstractCallSite.java:185)
at io.restassured.internal.ResponseSpecificationImpl.body(ResponseSpecificationImpl.groovy:107)
at io.restassured.internal.ValidatableResponseOptionsImpl.body(ValidatableResponseOptionsImpl.java:238)
at jsonSchema.jsonSchemaValidation(jsonSchema.java:23)
at java.base/jdk.internal.reflect.DirectMethodHandleAccessor.invoke(DirectMethodHandleAccessor.java:103)
at java.base/java.lang.reflect.Method.invoke(Method.java:580)
at org.testng.internal.invokers.MethodInvocationHelper.invokeMethod(MethodInvocationHelper.java:141)
at org.testng.internal.invokers.TestInvoker.invokeMethod(TestInvoker.java:687)
at org.testng.internal.invokers.TestInvoker.invokeTestMethod(TestInvoker.java:230)
at org.testng.internal.invokers.MethodRunner.runInSequence(MethodRunner.java:63)
at org.testng.internal.invokers.TestInvoker$MethodInvocationAgent.invoke(TestInvoker.java:995)
at org.testng.internal.invokers.TestInvoker.invokeTestMethods(TestInvoker.java:203)
at org.testng.internal.invokers.TestMethodWorker.invokeTestMethods(TestMethodWorker.java:154)
at org.testng.internal.invokers.TestMethodWorker.run(TestMethodWorker.java:134)
at java.base/java.util.ArrayList.forEach(ArrayList.java:1597)
at org.testng.TestRunner.privateRun(TestRunner.java:741)
at org.testng.TestRunner.run(TestRunner.java:616)
at org.testng.SuiteRunner.runTest(SuiteRunner.java:421)
at org.testng.SuiteRunner.runSequentially(SuiteRunner.java:413)
at org.testng.SuiteRunner.privateRun(SuiteRunner.java:373)
at org.testng.SuiteRunner.run(SuiteRunner.java:312)
at org.testng.SuiteRunnerWorker.runSuite(SuiteRunnerWorker.java:52)
at org.testng.SuiteRunnerWorker.run(SuiteRunnerWorker.java:95)
at org.testng.TestNG.runSuitesSequentially(TestNG.java:1274)
at org.testng.TestNG.runSuitesLocally(TestNG.java:1208)
at org.testng.TestNG.runSuites(TestNG.java:1112)
at org.testng.TestNG.run(TestNG.java:1079)
at org.testng.remote.AbstractRemoteTestNG.run(AbstractRemoteTestNG.java:115)
at org.testng.remote.RemoteTestNG.initAndRun(RemoteTestNG.java:293)
at org.testng.remote.RemoteTestNG.main(RemoteTestNG.java:91)
]]>
    </failure>
  </testcase> <!-- jsonSchemaValidation -->
</testsuite> <!-- jsonSchema -->
