<?xml version="1.0" encoding="UTF-8"?>
<!-- Generated by org.testng.reporters.JUnitReportReporter -->
<testsuite hostname="AADYA" failures="0" tests="4" name="restAssured.api.test.UserTest" time="5.842" errors="0" timestamp="2025-12-19T10:31:49 IST" skipped="0">
  <testcase classname="restAssured.api.test.UserTest" name="testPostUser" time="1.223"/>
  <testcase classname="restAssured.api.test.UserTest" name="getUser" time="1.219"/>
  <testcase classname="restAssured.api.test.UserTest" name="updateUser" time="2.289"/>
  <testcase classname="restAssured.api.test.UserTest" name="deleteUser" time="1.111"/>
</testsuite> <!-- restAssured.api.test.UserTest -->
