<?xml version="1.0" encoding="UTF-8"?>
<!-- Generated by org.testng.reporters.JUnitReportReporter -->
<testsuite hostname="AADYA" failures="0" tests="4" name="restAssured.api.test.UserTest2" time="9.799" errors="0" timestamp="2025-12-19T11:43:03 IST" skipped="0">
  <testcase classname="restAssured.api.test.UserTest2" name="testPostUser" time="4.236"/>
  <testcase classname="restAssured.api.test.UserTest2" name="getUser" time="1.165"/>
  <testcase classname="restAssured.api.test.UserTest2" name="updateUser" time="3.004"/>
  <testcase classname="restAssured.api.test.UserTest2" name="deleteUser" time="1.394"/>
</testsuite> <!-- restAssured.api.test.UserTest2 -->
